<?xml version="1.0" encoding="UTF-8"?>
<!-- Generated by org.testng.reporters.JUnitReportReporter -->
<testsuite skipped="0" hostname="DESKTOP-64MKS1Q" name="homepage.TestScenerios" tests="1" failures="0" timestamp="2020-06-22T15:20:47 IST" time="43.634" errors="0">
  <testcase name="GetInTouch_VERIFY" time="43.634" classname="homepage.TestScenerios"/>
  <system-out/>
</testsuite> <!-- homepage.TestScenerios -->
